Build started 26/09/2014 7:01:51 PM.
     1>Project "\\genh.site.uottawa.ca\ndubu042\visual studio 2012\Projects\Project2\Project2\Project2.vcxproj" on node 2 (Build target(s)).
     1>ClCompile:
         C:\Program Files\Microsoft Visual Studio 11.0\VC\bin\CL.exe /c /ZI /nologo /W3 /WX- /sdl /Od /Oy- /D _MBCS /Gm /EHsc /RTC1 /MDd /GS /fp:precise /Zc:wchar_t /Zc:forScope /Fo"Debug\\" /Fd"Debug\vc110.pdb" /Gd /TP /analyze- /errorReport:prompt series.cpp
         series.cpp
     1>\\genh.site.uottawa.ca\ndubu042\visual studio 2012\projects\project2\project2\series.cpp(31): error C3861: 'factorial': identifier not found
     1>\\genh.site.uottawa.ca\ndubu042\visual studio 2012\projects\project2\project2\series.cpp(47): error C3861: 'factorial': identifier not found
     1>Done Building Project "\\genh.site.uottawa.ca\ndubu042\visual studio 2012\Projects\Project2\Project2\Project2.vcxproj" (Build target(s)) -- FAILED.

Build FAILED.

Time Elapsed 00:00:00.73
